<?xml version="1.0" encoding="UTF-8"?>
<!-- Generated by org.testng.reporters.JUnitReportReporter -->
<testsuite hostname="SURAJ" failures="0" tests="1" name="com.etsy.tests.verifyHomePage" time="8.640" errors="0" timestamp="2023-10-03T11:34:46 IST" skipped="0">
  <testcase classname="com.etsy.tests.verifyHomePage" name="verifyHomePage" time="8.640"/>
</testsuite> <!-- com.etsy.tests.verifyHomePage -->
