<?xml version="1.0" encoding="UTF-8"?>
<!-- Generated by org.testng.reporters.JUnitReportReporter -->
<testsuite hostname="SURAJ" failures="0" tests="3" name="com.automation.ui.tests.verifyHomePage" time="9.892" errors="0" timestamp="2023-10-04T13:52:32 IST" skipped="0">
  <testcase classname="com.automation.ui.tests.verifyHomePage" name="HomePage" time="0.626"/>
  <testcase classname="com.automation.ui.tests.verifyHomePage" name="searchAndClick" time="8.598"/>
  <testcase classname="com.automation.ui.tests.verifyHomePage" name="goBackToHomePageWindow" time="0.668"/>
</testsuite> <!-- com.automation.ui.tests.verifyHomePage -->
